<?xml version="1.0" encoding="UTF-8"?>
<!-- Generated by org.testng.reporters.JUnitReportReporter -->
<testsuite hostname="DESKTOP-DVS91BC" failures="0" tests="3" name="testNGPractice.SuiteExample" time="23.828" errors="0" timestamp="2022-09-17T13:02:25 IST" skipped="0">
  <testcase classname="testNGPractice.SuiteExample" name="openGoogle" time="3.591"/>
  <system-out/>
  <testcase classname="testNGPractice.SuiteExample" name="openYahoo" time="17.573"/>
  <system-out/>
  <testcase classname="testNGPractice.SuiteExample" name="openBing" time="2.664"/>
  <system-out/>
</testsuite> <!-- testNGPractice.SuiteExample -->
