<?xml version="1.0" encoding="UTF-8"?>
<!-- Generated by org.testng.reporters.JUnitReportReporter -->
<testsuite hostname="DESKTOP-DVS91BC" failures="0" tests="5" name="testNGPractice.DependanciesManagement" time="0.040" errors="0" timestamp="2022-09-17T11:37:22 IST" skipped="0">
  <testcase classname="testNGPractice.DependanciesManagement" name="secondarySchool" time="0.004"/>
  <system-out/>
  <testcase classname="testNGPractice.DependanciesManagement" name="undergraduate" time="0.004"/>
  <system-out/>
  <testcase classname="testNGPractice.DependanciesManagement" name="postgraduate" time="0.007"/>
  <system-out/>
  <testcase classname="testNGPractice.DependanciesManagement" name="primarySchool" time="0.022"/>
  <system-out/>
  <testcase classname="testNGPractice.DependanciesManagement" name="advanceLevel" time="0.003"/>
  <system-out/>
</testsuite> <!-- testNGPractice.DependanciesManagement -->
