<?xml version="1.0" encoding="UTF-8"?>
<!-- Generated by org.testng.reporters.JUnitReportReporter -->
<testsuite hostname="DESKTOP-DVS91BC" failures="0" tests="5" name="testNGPractice.DriverCar" time="0.026" errors="0" timestamp="2022-09-18T20:13:44 IST" skipped="0">
  <testcase classname="testNGPractice.DriverCar" name="startTheCar" time="0.005"/>
  <system-out/>
  <testcase classname="testNGPractice.DriverCar" name="putFirstGear" time="0.006"/>
  <system-out/>
  <testcase classname="testNGPractice.DriverCar" name="putSecondGear" time="0.003"/>
  <system-out/>
  <testcase classname="testNGPractice.DriverCar" name="putThirdGear" time="0.004"/>
  <system-out/>
  <testcase classname="testNGPractice.DriverCar" name="putFourthGear" time="0.008"/>
  <system-out/>
</testsuite> <!-- testNGPractice.DriverCar -->
