<?xml version="1.0" encoding="UTF-8"?>
<!-- Generated by org.testng.reporters.JUnitReportReporter -->
<testsuite hostname="DESKTOP-DVS91BC" failures="0" tests="4" name="testNGPractice.SampleTestCase" time="0.037" errors="0" timestamp="2022-09-16T07:03:13 IST" skipped="0">
  <testcase classname="testNGPractice.SampleTestCase" name="thirdTestCase" time="0.004"/>
  <system-out/>
  <testcase classname="testNGPractice.SampleTestCase" name="firstTestCase" time="0.022"/>
  <system-out/>
  <testcase classname="testNGPractice.SampleTestCase" name="secondTestCase" time="0.002"/>
  <system-out/>
  <testcase classname="testNGPractice.SampleTestCase" name="fourthTestCase" time="0.009"/>
  <system-out/>
</testsuite> <!-- testNGPractice.SampleTestCase -->
