<?xml version="1.0" encoding="UTF-8"?>
<!-- Generated by org.testng.reporters.JUnitReportReporter -->
<testsuite hostname="DESKTOP-DVS91BC" failures="0" tests="5" name="testNGPractice.DependanciesManagement" time="0.035" errors="0" timestamp="2022-09-18T20:13:44 IST" skipped="0">
  <testcase classname="testNGPractice.DependanciesManagement" name="advanceLevel" time="0.003"/>
  <system-out/>
  <testcase classname="testNGPractice.DependanciesManagement" name="undergraduate" time="0.003"/>
  <system-out/>
  <testcase classname="testNGPractice.DependanciesManagement" name="secondarySchool" time="0.002"/>
  <system-out/>
  <testcase classname="testNGPractice.DependanciesManagement" name="postgraduate" time="0.008"/>
  <system-out/>
  <testcase classname="testNGPractice.DependanciesManagement" name="primarySchool" time="0.019"/>
  <system-out/>
</testsuite> <!-- testNGPractice.DependanciesManagement -->
