<?xml version="1.0" encoding="UTF-8"?>
<!-- Generated by org.testng.reporters.JUnitReportReporter -->
<testsuite hostname="DESKTOP-DVS91BC" failures="0" tests="5" name="testNGPractice.DriverCar" time="0.029" errors="0" timestamp="2022-09-16T07:12:35 IST" skipped="0">
  <testcase classname="testNGPractice.DriverCar" name="startTheCar" time="0.019"/>
  <system-out/>
  <testcase classname="testNGPractice.DriverCar" name="putFirstGear" time="0.003"/>
  <system-out/>
  <testcase classname="testNGPractice.DriverCar" name="putSecondGear" time="0.002"/>
  <system-out/>
  <testcase classname="testNGPractice.DriverCar" name="putThirdGear" time="0.002"/>
  <system-out/>
  <testcase classname="testNGPractice.DriverCar" name="putFourthGear" time="0.003"/>
  <system-out/>
</testsuite> <!-- testNGPractice.DriverCar -->
