<?xml version="1.0" encoding="UTF-8"?>
<!-- Generated by org.testng.reporters.JUnitReportReporter -->
<testsuite hostname="DESKTOP-DVS91BC" failures="0" tests="4" name="testNGPractice.GroupingExample" time="0.030" errors="0" timestamp="2022-09-18T22:33:27 IST" skipped="0">
  <testcase classname="testNGPractice.GroupingExample" name="vivo2" time="0.005"/>
  <system-out/>
  <testcase classname="testNGPractice.GroupingExample" name="moto1" time="0.019"/>
  <system-out/>
  <testcase classname="testNGPractice.GroupingExample" name="moto2" time="0.002"/>
  <system-out/>
  <testcase classname="testNGPractice.GroupingExample" name="vivo1" time="0.004"/>
  <system-out/>
</testsuite> <!-- testNGPractice.GroupingExample -->
