<?xml version="1.0" encoding="UTF-8"?>
<!-- Generated by org.testng.reporters.JUnitReportReporter -->
<testsuite hostname="DESKTOP-DVS91BC" failures="0" tests="6" name="testNGPractice.SkipTestCase" time="0.031" errors="0" timestamp="2022-09-16T07:25:52 IST" skipped="1">
  <testcase classname="testNGPractice.SkipTestCase" name="startTheCar" time="0.018"/>
  <system-out/>
  <testcase classname="testNGPractice.SkipTestCase" name="putFirstGear" time="0.002"/>
  <system-out/>
  <testcase classname="testNGPractice.SkipTestCase" name="putSecondGear" time="0.003"/>
  <system-out/>
  <testcase classname="testNGPractice.SkipTestCase" name="putThirdGear" time="0.003"/>
  <system-out/>
  <testcase classname="testNGPractice.SkipTestCase" name="putFourthGear" time="0.005"/>
  <system-out/>
  <testcase classname="testNGPractice.SkipTestCase" name="turnTheMusicOn">
    <skipped/>
  </testcase> <!-- turnTheMusicOn -->
  <system-out/>
</testsuite> <!-- testNGPractice.SkipTestCase -->
