<?xml version="1.0" encoding="UTF-8"?>
<!-- Generated by org.testng.reporters.JUnitReportReporter -->
<testsuite hostname="DESKTOP-DVS91BC" failures="0" tests="6" name="testNGPractice.SkipTestCase" time="0.028" errors="0" timestamp="2022-09-18T20:13:44 IST" skipped="1">
  <testcase classname="testNGPractice.SkipTestCase" name="startTheCar" time="0.004"/>
  <system-out/>
  <testcase classname="testNGPractice.SkipTestCase" name="putFirstGear" time="0.011"/>
  <system-out/>
  <testcase classname="testNGPractice.SkipTestCase" name="putSecondGear" time="0.003"/>
  <system-out/>
  <testcase classname="testNGPractice.SkipTestCase" name="putThirdGear" time="0.008"/>
  <system-out/>
  <testcase classname="testNGPractice.SkipTestCase" name="putFourthGear" time="0.002"/>
  <system-out/>
  <testcase classname="testNGPractice.SkipTestCase" name="turnTheMusicOn">
    <skipped/>
  </testcase> <!-- turnTheMusicOn -->
  <system-out/>
</testsuite> <!-- testNGPractice.SkipTestCase -->
